<?xml version="1.0" encoding="UTF-8"?>
<testsuite name="org.example.MainTest" tests="1" skipped="0" failures="0" errors="0" timestamp="2024-10-18T07:22:09" hostname="KODA" time="0.021">
  <properties/>
  <testcase name="inputFilter()" classname="org.example.MainTest" time="0.021"/>
  <system-out><![CDATA[Введенное значение не воспринимается как числовое, введите другое значение
]]></system-out>
  <system-err><![CDATA[]]></system-err>
</testsuite>
